<?xml version="1.0" encoding="UTF-8"?>
<!-- Generated by org.testng.reporters.JUnitXMLReporter -->
<testsuite hostname="LAPTOP-4HRQGNJF" name="Command line test" tests="1" failures="1" timestamp="12 Apr 2021 20:10:38 GMT" time="0.054" errors="0">
  <testcase name="createFileTest" time="0.027" classname="test.MainTest">
    <failure type="java.io.IOException" message="Системе не удается найти указанный путь">
      <![CDATA[java.io.IOException: Системе не удается найти указанный путь
	at java.io.WinNTFileSystem.createFileExclusively(Native Method)
	at java.io.File.createNewFile(File.java:1012)
	at test.MainTest.createFileTest(MainTest.java:30)
... Removed 33 stack frames]]>
    </failure>
  </testcase> <!-- createFileTest -->
</testsuite> <!-- Command line test -->
