<?xml version="1.0" encoding="UTF-8"?>
<testng-results skipped="0" failed="1" total="2" passed="1">
  <reporter-output>
  </reporter-output>
  <suite name="test" duration-ms="60" started-at="2021-04-12T20:27:24Z" finished-at="2021-04-12T20:27:24Z">
    <groups>
      <group name="negative">
        <method signature="MainTest.fileNotExistsTest()[pri:0, instance:MainTest@28f67ac7]" name="fileNotExistsTest" class="MainTest"/>
      </group> <!-- negative -->
      <group name="positive">
        <method signature="MainTest.createFileTest()[pri:0, instance:MainTest@28f67ac7]" name="createFileTest" class="MainTest"/>
      </group> <!-- positive -->
    </groups>
    <test name="C:/Users/balti/test1" duration-ms="60" started-at="2021-04-12T20:27:24Z" finished-at="2021-04-12T20:27:24Z">
      <class name="MainTest">
        <test-method status="FAIL" signature="createFileTest()[pri:0, instance:MainTest@28f67ac7]" name="createFileTest" duration-ms="23" started-at="2021-04-13T02:27:24Z" finished-at="2021-04-13T02:27:24Z">
          <exception class="java.io.IOException">
            <message>
              <![CDATA[Системе не удается найти указанный путь]]>
            </message>
            <full-stacktrace>
              <![CDATA[java.io.IOException: Системе не удается найти указанный путь
	at java.io.WinNTFileSystem.createFileExclusively(Native Method)
	at java.io.File.createNewFile(File.java:1012)
	at MainTest.createFileTest(MainTest.java:27)
	at sun.reflect.NativeMethodAccessorImpl.invoke0(Native Method)
	at sun.reflect.NativeMethodAccessorImpl.invoke(NativeMethodAccessorImpl.java:62)
	at sun.reflect.DelegatingMethodAccessorImpl.invoke(DelegatingMethodAccessorImpl.java:43)
	at java.lang.reflect.Method.invoke(Method.java:498)
	at org.testng.internal.MethodInvocationHelper.invokeMethod(MethodInvocationHelper.java:84)
	at org.testng.internal.Invoker.invokeMethod(Invoker.java:714)
	at org.testng.internal.Invoker.invokeTestMethod(Invoker.java:901)
	at org.testng.internal.Invoker.invokeTestMethods(Invoker.java:1231)
	at org.testng.internal.TestMethodWorker.invokeTestMethods(TestMethodWorker.java:127)
	at org.testng.internal.TestMethodWorker.run(TestMethodWorker.java:111)
	at org.testng.TestRunner.privateRun(TestRunner.java:767)
	at org.testng.TestRunner.run(TestRunner.java:617)
	at org.testng.SuiteRunner.runTest(SuiteRunner.java:348)
	at org.testng.SuiteRunner.runSequentially(SuiteRunner.java:343)
	at org.testng.SuiteRunner.privateRun(SuiteRunner.java:305)
	at org.testng.SuiteRunner.run(SuiteRunner.java:254)
	at org.testng.SuiteRunnerWorker.runSuite(SuiteRunnerWorker.java:52)
	at org.testng.SuiteRunnerWorker.run(SuiteRunnerWorker.java:86)
	at org.testng.TestNG.runSuitesSequentially(TestNG.java:1224)
	at org.testng.TestNG.runSuitesLocally(TestNG.java:1149)
	at org.testng.TestNG.run(TestNG.java:1057)
	at org.apache.maven.surefire.testng.TestNGExecutor.run(TestNGExecutor.java:178)
	at org.apache.maven.surefire.testng.TestNGXmlTestSuite.execute(TestNGXmlTestSuite.java:92)
	at org.apache.maven.surefire.testng.TestNGProvider.invoke(TestNGProvider.java:96)
	at sun.reflect.NativeMethodAccessorImpl.invoke0(Native Method)
	at sun.reflect.NativeMethodAccessorImpl.invoke(NativeMethodAccessorImpl.java:62)
	at sun.reflect.DelegatingMethodAccessorImpl.invoke(DelegatingMethodAccessorImpl.java:43)
	at java.lang.reflect.Method.invoke(Method.java:498)
	at org.apache.maven.surefire.util.ReflectionUtils.invokeMethodWithArray2(ReflectionUtils.java:208)
	at org.apache.maven.surefire.booter.ProviderFactory$ProviderProxy.invoke(ProviderFactory.java:159)
	at org.apache.maven.surefire.booter.ProviderFactory.invokeProvider(ProviderFactory.java:87)
	at org.apache.maven.surefire.booter.ForkedBooter.runSuitesInProcess(ForkedBooter.java:153)
	at org.apache.maven.surefire.booter.ForkedBooter.main(ForkedBooter.java:95)
]]>
            </full-stacktrace>
          </exception> <!-- java.io.IOException -->
          <reporter-output>
          </reporter-output>
        </test-method> <!-- createFileTest -->
        <test-method status="PASS" signature="fileNotExistsTest()[pri:0, instance:MainTest@28f67ac7]" name="fileNotExistsTest" duration-ms="11" started-at="2021-04-13T02:27:24Z" finished-at="2021-04-13T02:27:24Z">
          <reporter-output>
          </reporter-output>
        </test-method> <!-- fileNotExistsTest -->
      </class> <!-- MainTest -->
    </test> <!-- C:/Users/balti/test1 -->
  </suite> <!-- test -->
</testng-results>
